Arguments: 
  C:\Program Files\nodejs\node.exe C:\Program Files (x86)\Yarn\bin\yarn.js build

PATH: 
  C:\Program Files\Docker\Docker\Resources\bin;C:\Program Files (x86)\Intel\iCLS Client\;C:\Program Files\Intel\iCLS Client\;C:\ProgramData\Oracle\Java\javapath;C:\WINDOWS\system32;C:\WINDOWS;C:\WINDOWS\System32\Wbem;C:\WINDOWS\System32\WindowsPowerShell\v1.0\;C:\Program Files\Intel\WiFi\bin\;C:\Program Files\Common Files\Intel\WirelessCommon\;C:\Program Files (x86)\Windows Kits\8.1\Windows Performance Toolkit\;C:\Program Files (x86)\Intel\Intel(R) Management Engine Components\DAL;C:\Program Files\Intel\Intel(R) Management Engine Components\DAL;C:\Program Files (x86)\Intel\Intel(R) Management Engine Components\IPT;C:\Program Files\Intel\Intel(R) Management Engine Components\IPT;C:\Program Files (x86)\Microsoft SQL Server\Client SDK\ODBC\130\Tools\Binn\;C:\Program Files (x86)\Microsoft SQL Server\140\Tools\Binn\;C:\Program Files (x86)\Microsoft SQL Server\140\DTS\Binn\;C:\Program Files (x86)\Microsoft SQL Server\140\Tools\Binn\ManagementStudio\;C:\OpenSSL-Win64\bin;C:\Program Files\PuTTY\;E:\database\rethink;C:\Program Files\Microsoft SQL Server\Client SDK\ODBC\130\Tools\Binn\;C:\Program Files\Microsoft SQL Server\140\Tools\Binn\;C:\Program Files\Microsoft SQL Server\140\DTS\Binn\;C:\Program Files\nodejs\;C:\Program Files (x86)\Yarn\bin\;C:\Go\bin;C:\Users\Tonsai\go\bin;C:\WINDOWS\System32\OpenSSH\;";C:\WINDOWS\system32\config\systemprofile\adb-fastboot\platform-tools";C:\Program Files\Git\cmd;C:\Users\Tonsai\AppData\Local\Programs\Python\Python36-32\Scripts\;C:\Users\Tonsai\AppData\Local\Programs\Python\Python36-32\;C:\Ruby24-x64\bin;C:\Program Files\Intel\WiFi\bin\;C:\Program Files\Common Files\Intel\WirelessCommon\;C:\Users\Tonsai\AppData\Local\Microsoft\WindowsApps;C:\Program Files\Java\jre7;C:\Users\Tonsai\AppData\Roaming\npm;C:\Users\Tonsai\AppData\Local\Yarn\bin;C:\Program Files\Heroku\bin;C:\Program Files\Microsoft VS Code\bin

Yarn version: 
  1.5.1

Node version: 
  8.9.4

Platform: 
  win32 x64

npm manifest: 
  {
    "name": "pwa-stater-ton",
    "version": "1.0.0",
    "description": "",
    "main": "index.js",
    "scripts": {
      "start": "polymer serve -p 4444",
      "test": "echo \"Error: no test specified\" && exit 1",
      "build:webpack": "webpack --config webpack.config.js",
      "build": "npm run build:prpl-server && npm run build:static",
      "build:prpl-server": "gulp clean:prpl-server && gulp build:prpl-server",
      "build:static": "polymer build",
      "serve:prpl-server": "prpl-server --root server/build",
      "serve:static": "polymer serve --port 5000 build/es5-bundled"
    },
    "author": "",
    "license": "ISC",
    "dependencies": {
      "@polymer/app-layout": "^3.0.0-pre.19",
      "@polymer/lit-element": "^0.5.1",
      "@webcomponents/webcomponentsjs": "^2.0.0",
      "pwa-helpers": "^0.8.2",
      "redux": "^3.7.2",
      "redux-thunk": "^2.2.0"
    },
    "devDependencies": {
      "webpack-dev-server": "^3.1.4",
      "webpack": "^4.12.0",
      "webpack-cli": "^3.0.6",
      "html-webpack-plugin": "^3.2.0",
      "axe-core": "^3.0.0",
      "chai": "^4.1.2",
      "del": "^3.0.0",
      "gulp": "^4.0.0",
      "mocha": "^5.1.0",
      "pixelmatch": "^4.0.2",
      "polymer-cli": "^1.7.1",
      "polyserve": "^0.27.0",
      "prpl-server": "^1.1.0",
      "puppeteer": "^1.4.0",
      "renamer": "^0.6.1",
      "replace": "^1.0.0",
      "wct-browser-legacy": "^1.0.1"
    }
  }

yarn manifest: 
  No manifest

Lockfile: 
  No lockfile

Trace: 
  Error: Command failed.
  Exit code: 1
  Command: C:\WINDOWS\system32\cmd.exe
  Arguments: /d /s /c npm run build:prpl-server && npm run build:static
  Directory: E:\test\pwa-stater-ton
  Output:
  
      at ProcessTermError.MessageError (C:\Program Files (x86)\Yarn\lib\cli.js:186:110)
      at new ProcessTermError (C:\Program Files (x86)\Yarn\lib\cli.js:226:113)
      at ChildProcess.<anonymous> (C:\Program Files (x86)\Yarn\lib\cli.js:30281:17)
      at emitTwo (events.js:126:13)
      at ChildProcess.emit (events.js:214:7)
      at maybeClose (internal/child_process.js:925:16)
      at Process.ChildProcess._handle.onexit (internal/child_process.js:209:5)
